==30520== Memcheck, a memory error detector
==30520== Copyright (C) 2002-2017, and GNU GPL'd, by Julian Seward et al.
==30520== Using Valgrind-3.15.0 and LibVEX; rerun with -h for copyright info
==30520== Command: ./fdf
==30520== 
==30520== 
==30520== HEAP SUMMARY:
==30520==     in use at exit: 92,297 bytes in 69 blocks
==30520==   total heap usage: 321 allocs, 252 frees, 107,469 bytes allocated
==30520== 
==30520== 3 bytes in 1 blocks are still reachable in loss record 1 of 47
==30520==    at 0x483B7F3: malloc (in /usr/lib/x86_64-linux-gnu/valgrind/vgpreload_memcheck-amd64-linux.so)
==30520==    by 0x4A543BE: strdup (strdup.c:42)
==30520==    by 0x48A6385: XOpenDisplay (in /usr/lib/x86_64-linux-gnu/libX11.so.6.3.0)
==30520==    by 0x10AC87: mlx_init (in /mnt/nfs/homes/ychibani/Documents/42-FDF/fdf)
==30520==    by 0x10A8BC: init (in /mnt/nfs/homes/ychibani/Documents/42-FDF/fdf)
==30520==    by 0x10A9CF: main (in /mnt/nfs/homes/ychibani/Documents/42-FDF/fdf)
==30520== 
==30520== 8 bytes in 1 blocks are still reachable in loss record 2 of 47
==30520==    at 0x483B7F3: malloc (in /usr/lib/x86_64-linux-gnu/valgrind/vgpreload_memcheck-amd64-linux.so)
==30520==    by 0x4A543BE: strdup (strdup.c:42)
==30520==    by 0x48A025E: XInitExtension (in /usr/lib/x86_64-linux-gnu/libX11.so.6.3.0)
==30520==    by 0x48713F0: XextAddDisplay (in /usr/lib/x86_64-linux-gnu/libXext.so.6.4.0)
==30520==    by 0x486C7B2: XShmQueryVersion (in /usr/lib/x86_64-linux-gnu/libXext.so.6.4.0)
==30520==    by 0x10AAC3: mlx_int_deal_shm (in /mnt/nfs/homes/ychibani/Documents/42-FDF/fdf)
==30520==    by 0x10AD41: mlx_init (in /mnt/nfs/homes/ychibani/Documents/42-FDF/fdf)
==30520==    by 0x10A8BC: init (in /mnt/nfs/homes/ychibani/Documents/42-FDF/fdf)
==30520==    by 0x10A9CF: main (in /mnt/nfs/homes/ychibani/Documents/42-FDF/fdf)
==30520== 
==30520== 8 bytes in 1 blocks are still reachable in loss record 3 of 47
==30520==    at 0x483B7F3: malloc (in /usr/lib/x86_64-linux-gnu/valgrind/vgpreload_memcheck-amd64-linux.so)
==30520==    by 0x4871144: ??? (in /usr/lib/x86_64-linux-gnu/libXext.so.6.4.0)
==30520==    by 0x48711AE: ??? (in /usr/lib/x86_64-linux-gnu/libXext.so.6.4.0)
==30520==    by 0x48715A2: XextAddDisplay (in /usr/lib/x86_64-linux-gnu/libXext.so.6.4.0)
==30520==    by 0x486C7B2: XShmQueryVersion (in /usr/lib/x86_64-linux-gnu/libXext.so.6.4.0)
==30520==    by 0x10AAC3: mlx_int_deal_shm (in /mnt/nfs/homes/ychibani/Documents/42-FDF/fdf)
==30520==    by 0x10AD41: mlx_init (in /mnt/nfs/homes/ychibani/Documents/42-FDF/fdf)
==30520==    by 0x10A8BC: init (in /mnt/nfs/homes/ychibani/Documents/42-FDF/fdf)
==30520==    by 0x10A9CF: main (in /mnt/nfs/homes/ychibani/Documents/42-FDF/fdf)
==30520== 
==30520== 10 bytes in 1 blocks are still reachable in loss record 4 of 47
==30520==    at 0x483B7F3: malloc (in /usr/lib/x86_64-linux-gnu/valgrind/vgpreload_memcheck-amd64-linux.so)
==30520==    by 0x4A543BE: strdup (strdup.c:42)
==30520==    by 0x48A025E: XInitExtension (in /usr/lib/x86_64-linux-gnu/libX11.so.6.3.0)
==30520==    by 0x490CC43: XkbUseExtension (in /usr/lib/x86_64-linux-gnu/libX11.so.6.3.0)
==30520==    by 0x48A6E19: XOpenDisplay (in /usr/lib/x86_64-linux-gnu/libX11.so.6.3.0)
==30520==    by 0x10AC87: mlx_init (in /mnt/nfs/homes/ychibani/Documents/42-FDF/fdf)
==30520==    by 0x10A8BC: init (in /mnt/nfs/homes/ychibani/Documents/42-FDF/fdf)
==30520==    by 0x10A9CF: main (in /mnt/nfs/homes/ychibani/Documents/42-FDF/fdf)
==30520== 
==30520== 16 bytes in 1 blocks are still reachable in loss record 5 of 47
==30520==    at 0x483B7F3: malloc (in /usr/lib/x86_64-linux-gnu/valgrind/vgpreload_memcheck-amd64-linux.so)
==30520==    by 0x4BB5F81: ??? (in /usr/lib/x86_64-linux-gnu/libxcb.so.1.1.0)
==30520==    by 0x4BB43FB: ??? (in /usr/lib/x86_64-linux-gnu/libxcb.so.1.1.0)
==30520==    by 0x4BB28F5: xcb_connect_to_fd (in /usr/lib/x86_64-linux-gnu/libxcb.so.1.1.0)
==30520==    by 0x4BB6B72: xcb_connect_to_display_with_auth_info (in /usr/lib/x86_64-linux-gnu/libxcb.so.1.1.0)
==30520==    by 0x48B5D29: _XConnectXCB (in /usr/lib/x86_64-linux-gnu/libX11.so.6.3.0)
==30520==    by 0x48A63A8: XOpenDisplay (in /usr/lib/x86_64-linux-gnu/libX11.so.6.3.0)
==30520==    by 0x10AC87: mlx_init (in /mnt/nfs/homes/ychibani/Documents/42-FDF/fdf)
==30520==    by 0x10A8BC: init (in /mnt/nfs/homes/ychibani/Documents/42-FDF/fdf)
==30520==    by 0x10A9CF: main (in /mnt/nfs/homes/ychibani/Documents/42-FDF/fdf)
==30520== 
==30520== 21 bytes in 1 blocks are still reachable in loss record 6 of 47
==30520==    at 0x483B7F3: malloc (in /usr/lib/x86_64-linux-gnu/valgrind/vgpreload_memcheck-amd64-linux.so)
==30520==    by 0x48A683C: XOpenDisplay (in /usr/lib/x86_64-linux-gnu/libX11.so.6.3.0)
==30520==    by 0x10AC87: mlx_init (in /mnt/nfs/homes/ychibani/Documents/42-FDF/fdf)
==30520==    by 0x10A8BC: init (in /mnt/nfs/homes/ychibani/Documents/42-FDF/fdf)
==30520==    by 0x10A9CF: main (in /mnt/nfs/homes/ychibani/Documents/42-FDF/fdf)
==30520== 
==30520== 24 bytes in 1 blocks are still reachable in loss record 7 of 47
==30520==    at 0x483B7F3: malloc (in /usr/lib/x86_64-linux-gnu/valgrind/vgpreload_memcheck-amd64-linux.so)
==30520==    by 0x4871351: XextCreateExtension (in /usr/lib/x86_64-linux-gnu/libXext.so.6.4.0)
==30520==    by 0x4870E1C: ??? (in /usr/lib/x86_64-linux-gnu/libXext.so.6.4.0)
==30520==    by 0x487119B: ??? (in /usr/lib/x86_64-linux-gnu/libXext.so.6.4.0)
==30520==    by 0x48715A2: XextAddDisplay (in /usr/lib/x86_64-linux-gnu/libXext.so.6.4.0)
==30520==    by 0x486C7B2: XShmQueryVersion (in /usr/lib/x86_64-linux-gnu/libXext.so.6.4.0)
==30520==    by 0x10AAC3: mlx_int_deal_shm (in /mnt/nfs/homes/ychibani/Documents/42-FDF/fdf)
==30520==    by 0x10AD41: mlx_init (in /mnt/nfs/homes/ychibani/Documents/42-FDF/fdf)
==30520==    by 0x10A8BC: init (in /mnt/nfs/homes/ychibani/Documents/42-FDF/fdf)
==30520==    by 0x10A9CF: main (in /mnt/nfs/homes/ychibani/Documents/42-FDF/fdf)
==30520== 
==30520== 24 bytes in 1 blocks are still reachable in loss record 8 of 47
==30520==    at 0x483B7F3: malloc (in /usr/lib/x86_64-linux-gnu/valgrind/vgpreload_memcheck-amd64-linux.so)
==30520==    by 0x4A543BE: strdup (strdup.c:42)
==30520==    by 0x48A025E: XInitExtension (in /usr/lib/x86_64-linux-gnu/libX11.so.6.3.0)
==30520==    by 0x48713F0: XextAddDisplay (in /usr/lib/x86_64-linux-gnu/libXext.so.6.4.0)
==30520==    by 0x4870E5A: ??? (in /usr/lib/x86_64-linux-gnu/libXext.so.6.4.0)
==30520==    by 0x487119B: ??? (in /usr/lib/x86_64-linux-gnu/libXext.so.6.4.0)
==30520==    by 0x48715A2: XextAddDisplay (in /usr/lib/x86_64-linux-gnu/libXext.so.6.4.0)
==30520==    by 0x486C7B2: XShmQueryVersion (in /usr/lib/x86_64-linux-gnu/libXext.so.6.4.0)
==30520==    by 0x10AAC3: mlx_int_deal_shm (in /mnt/nfs/homes/ychibani/Documents/42-FDF/fdf)
==30520==    by 0x10AD41: mlx_init (in /mnt/nfs/homes/ychibani/Documents/42-FDF/fdf)
==30520==    by 0x10A8BC: init (in /mnt/nfs/homes/ychibani/Documents/42-FDF/fdf)
==30520==    by 0x10A9CF: main (in /mnt/nfs/homes/ychibani/Documents/42-FDF/fdf)
==30520== 
==30520== 24 bytes in 1 blocks are still reachable in loss record 9 of 47
==30520==    at 0x483B7F3: malloc (in /usr/lib/x86_64-linux-gnu/valgrind/vgpreload_memcheck-amd64-linux.so)
==30520==    by 0x48711CD: ??? (in /usr/lib/x86_64-linux-gnu/libXext.so.6.4.0)
==30520==    by 0x48715A2: XextAddDisplay (in /usr/lib/x86_64-linux-gnu/libXext.so.6.4.0)
==30520==    by 0x486C7B2: XShmQueryVersion (in /usr/lib/x86_64-linux-gnu/libXext.so.6.4.0)
==30520==    by 0x10AAC3: mlx_int_deal_shm (in /mnt/nfs/homes/ychibani/Documents/42-FDF/fdf)
==30520==    by 0x10AD41: mlx_init (in /mnt/nfs/homes/ychibani/Documents/42-FDF/fdf)
==30520==    by 0x10A8BC: init (in /mnt/nfs/homes/ychibani/Documents/42-FDF/fdf)
==30520==    by 0x10A9CF: main (in /mnt/nfs/homes/ychibani/Documents/42-FDF/fdf)
==30520== 
==30520== 29 bytes in 1 blocks are still reachable in loss record 10 of 47
==30520==    at 0x483B7F3: malloc (in /usr/lib/x86_64-linux-gnu/valgrind/vgpreload_memcheck-amd64-linux.so)
==30520==    by 0x48A114D: _XUpdateAtomCache (in /usr/lib/x86_64-linux-gnu/libX11.so.6.3.0)
==30520==    by 0x48A1519: XInternAtom (in /usr/lib/x86_64-linux-gnu/libX11.so.6.3.0)
==30520==    by 0x10AD32: mlx_init (in /mnt/nfs/homes/ychibani/Documents/42-FDF/fdf)
==30520==    by 0x10A8BC: init (in /mnt/nfs/homes/ychibani/Documents/42-FDF/fdf)
==30520==    by 0x10A9CF: main (in /mnt/nfs/homes/ychibani/Documents/42-FDF/fdf)
==30520== 
==30520== 32 bytes in 1 blocks are still reachable in loss record 11 of 47
==30520==    at 0x483B723: malloc (in /usr/lib/x86_64-linux-gnu/valgrind/vgpreload_memcheck-amd64-linux.so)
==30520==    by 0x483E017: realloc (in /usr/lib/x86_64-linux-gnu/valgrind/vgpreload_memcheck-amd64-linux.so)
==30520==    by 0x4BB5B9E: ??? (in /usr/lib/x86_64-linux-gnu/libxcb.so.1.1.0)
==30520==    by 0x4BB5C2B: xcb_get_extension_data (in /usr/lib/x86_64-linux-gnu/libxcb.so.1.1.0)
==30520==    by 0x4BB313E: xcb_prefetch_maximum_request_length (in /usr/lib/x86_64-linux-gnu/libxcb.so.1.1.0)
==30520==    by 0x4BB31B4: xcb_get_maximum_request_length (in /usr/lib/x86_64-linux-gnu/libxcb.so.1.1.0)
==30520==    by 0x48A6CD8: XOpenDisplay (in /usr/lib/x86_64-linux-gnu/libX11.so.6.3.0)
==30520==    by 0x10AC87: mlx_init (in /mnt/nfs/homes/ychibani/Documents/42-FDF/fdf)
==30520==    by 0x10A8BC: init (in /mnt/nfs/homes/ychibani/Documents/42-FDF/fdf)
==30520==    by 0x10A9CF: main (in /mnt/nfs/homes/ychibani/Documents/42-FDF/fdf)
==30520== 
==30520== 32 bytes in 1 blocks are still reachable in loss record 12 of 47
==30520==    at 0x483B7F3: malloc (in /usr/lib/x86_64-linux-gnu/valgrind/vgpreload_memcheck-amd64-linux.so)
==30520==    by 0x4BB50C5: ??? (in /usr/lib/x86_64-linux-gnu/libxcb.so.1.1.0)
==30520==    by 0x4BB2E9E: ??? (in /usr/lib/x86_64-linux-gnu/libxcb.so.1.1.0)
==30520==    by 0x4BB461E: ??? (in /usr/lib/x86_64-linux-gnu/libxcb.so.1.1.0)
==30520==    by 0x4BB4734: xcb_wait_for_reply (in /usr/lib/x86_64-linux-gnu/libxcb.so.1.1.0)
==30520==    by 0x4BB5C82: xcb_get_extension_data (in /usr/lib/x86_64-linux-gnu/libxcb.so.1.1.0)
==30520==    by 0x4BB313E: xcb_prefetch_maximum_request_length (in /usr/lib/x86_64-linux-gnu/libxcb.so.1.1.0)
==30520==    by 0x4BB31B4: xcb_get_maximum_request_length (in /usr/lib/x86_64-linux-gnu/libxcb.so.1.1.0)
==30520==    by 0x48A6CD8: XOpenDisplay (in /usr/lib/x86_64-linux-gnu/libX11.so.6.3.0)
==30520==    by 0x10AC87: mlx_init (in /mnt/nfs/homes/ychibani/Documents/42-FDF/fdf)
==30520==    by 0x10A8BC: init (in /mnt/nfs/homes/ychibani/Documents/42-FDF/fdf)
==30520==    by 0x10A9CF: main (in /mnt/nfs/homes/ychibani/Documents/42-FDF/fdf)
==30520== 
==30520== 32 bytes in 1 blocks are still reachable in loss record 13 of 47
==30520==    at 0x483B7F3: malloc (in /usr/lib/x86_64-linux-gnu/valgrind/vgpreload_memcheck-amd64-linux.so)
==30520==    by 0x48713CF: XextAddDisplay (in /usr/lib/x86_64-linux-gnu/libXext.so.6.4.0)
==30520==    by 0x486C7B2: XShmQueryVersion (in /usr/lib/x86_64-linux-gnu/libXext.so.6.4.0)
==30520==    by 0x10AAC3: mlx_int_deal_shm (in /mnt/nfs/homes/ychibani/Documents/42-FDF/fdf)
==30520==    by 0x10AD41: mlx_init (in /mnt/nfs/homes/ychibani/Documents/42-FDF/fdf)
==30520==    by 0x10A8BC: init (in /mnt/nfs/homes/ychibani/Documents/42-FDF/fdf)
==30520==    by 0x10A9CF: main (in /mnt/nfs/homes/ychibani/Documents/42-FDF/fdf)
==30520== 
==30520== 32 bytes in 1 blocks are still reachable in loss record 14 of 47
==30520==    at 0x483B7F3: malloc (in /usr/lib/x86_64-linux-gnu/valgrind/vgpreload_memcheck-amd64-linux.so)
==30520==    by 0x48713CF: XextAddDisplay (in /usr/lib/x86_64-linux-gnu/libXext.so.6.4.0)
==30520==    by 0x4870E5A: ??? (in /usr/lib/x86_64-linux-gnu/libXext.so.6.4.0)
==30520==    by 0x487119B: ??? (in /usr/lib/x86_64-linux-gnu/libXext.so.6.4.0)
==30520==    by 0x48715A2: XextAddDisplay (in /usr/lib/x86_64-linux-gnu/libXext.so.6.4.0)
==30520==    by 0x486C7B2: XShmQueryVersion (in /usr/lib/x86_64-linux-gnu/libXext.so.6.4.0)
==30520==    by 0x10AAC3: mlx_int_deal_shm (in /mnt/nfs/homes/ychibani/Documents/42-FDF/fdf)
==30520==    by 0x10AD41: mlx_init (in /mnt/nfs/homes/ychibani/Documents/42-FDF/fdf)
==30520==    by 0x10A8BC: init (in /mnt/nfs/homes/ychibani/Documents/42-FDF/fdf)
==30520==    by 0x10A9CF: main (in /mnt/nfs/homes/ychibani/Documents/42-FDF/fdf)
==30520== 
==30520== 33 bytes in 1 blocks are still reachable in loss record 15 of 47
==30520==    at 0x483B7F3: malloc (in /usr/lib/x86_64-linux-gnu/valgrind/vgpreload_memcheck-amd64-linux.so)
==30520==    by 0x48A114D: _XUpdateAtomCache (in /usr/lib/x86_64-linux-gnu/libX11.so.6.3.0)
==30520==    by 0x48A1519: XInternAtom (in /usr/lib/x86_64-linux-gnu/libX11.so.6.3.0)
==30520==    by 0x10AD1B: mlx_init (in /mnt/nfs/homes/ychibani/Documents/42-FDF/fdf)
==30520==    by 0x10A8BC: init (in /mnt/nfs/homes/ychibani/Documents/42-FDF/fdf)
==30520==    by 0x10A9CF: main (in /mnt/nfs/homes/ychibani/Documents/42-FDF/fdf)
==30520== 
==30520== 40 bytes in 1 blocks are still reachable in loss record 16 of 47
==30520==    at 0x483B7F3: malloc (in /usr/lib/x86_64-linux-gnu/valgrind/vgpreload_memcheck-amd64-linux.so)
==30520==    by 0x48B7DD1: _XPollfdCacheInit (in /usr/lib/x86_64-linux-gnu/libX11.so.6.3.0)
==30520==    by 0x48A666F: XOpenDisplay (in /usr/lib/x86_64-linux-gnu/libX11.so.6.3.0)
==30520==    by 0x10AC87: mlx_init (in /mnt/nfs/homes/ychibani/Documents/42-FDF/fdf)
==30520==    by 0x10A8BC: init (in /mnt/nfs/homes/ychibani/Documents/42-FDF/fdf)
==30520==    by 0x10A9CF: main (in /mnt/nfs/homes/ychibani/Documents/42-FDF/fdf)
==30520== 
==30520== 48 bytes in 1 blocks are still reachable in loss record 17 of 47
==30520==    at 0x483B7F3: malloc (in /usr/lib/x86_64-linux-gnu/valgrind/vgpreload_memcheck-amd64-linux.so)
==30520==    by 0x10A89D: init (in /mnt/nfs/homes/ychibani/Documents/42-FDF/fdf)
==30520==    by 0x10A9CF: main (in /mnt/nfs/homes/ychibani/Documents/42-FDF/fdf)
==30520== 
==30520== 48 bytes in 1 blocks are still reachable in loss record 18 of 47
==30520==    at 0x483B7F3: malloc (in /usr/lib/x86_64-linux-gnu/valgrind/vgpreload_memcheck-amd64-linux.so)
==30520==    by 0x48B5CB1: _XConnectXCB (in /usr/lib/x86_64-linux-gnu/libX11.so.6.3.0)
==30520==    by 0x48A63A8: XOpenDisplay (in /usr/lib/x86_64-linux-gnu/libX11.so.6.3.0)
==30520==    by 0x10AC87: mlx_init (in /mnt/nfs/homes/ychibani/Documents/42-FDF/fdf)
==30520==    by 0x10A8BC: init (in /mnt/nfs/homes/ychibani/Documents/42-FDF/fdf)
==30520==    by 0x10A9CF: main (in /mnt/nfs/homes/ychibani/Documents/42-FDF/fdf)
==30520== 
==30520== 48 bytes in 1 blocks are still reachable in loss record 19 of 47
==30520==    at 0x483B7F3: malloc (in /usr/lib/x86_64-linux-gnu/valgrind/vgpreload_memcheck-amd64-linux.so)
==30520==    by 0x48B5CC7: _XConnectXCB (in /usr/lib/x86_64-linux-gnu/libX11.so.6.3.0)
==30520==    by 0x48A63A8: XOpenDisplay (in /usr/lib/x86_64-linux-gnu/libX11.so.6.3.0)
==30520==    by 0x10AC87: mlx_init (in /mnt/nfs/homes/ychibani/Documents/42-FDF/fdf)
==30520==    by 0x10A8BC: init (in /mnt/nfs/homes/ychibani/Documents/42-FDF/fdf)
==30520==    by 0x10A9CF: main (in /mnt/nfs/homes/ychibani/Documents/42-FDF/fdf)
==30520== 
==30520== 72 bytes in 1 blocks are still reachable in loss record 20 of 47
==30520==    at 0x483DD99: calloc (in /usr/lib/x86_64-linux-gnu/valgrind/vgpreload_memcheck-amd64-linux.so)
==30520==    by 0x48A6721: XOpenDisplay (in /usr/lib/x86_64-linux-gnu/libX11.so.6.3.0)
==30520==    by 0x10AC87: mlx_init (in /mnt/nfs/homes/ychibani/Documents/42-FDF/fdf)
==30520==    by 0x10A8BC: init (in /mnt/nfs/homes/ychibani/Documents/42-FDF/fdf)
==30520==    by 0x10A9CF: main (in /mnt/nfs/homes/ychibani/Documents/42-FDF/fdf)
==30520== 
==30520== 88 bytes in 1 blocks are still reachable in loss record 21 of 47
==30520==    at 0x483DD99: calloc (in /usr/lib/x86_64-linux-gnu/valgrind/vgpreload_memcheck-amd64-linux.so)
==30520==    by 0x10B31B: mlx_int_new_xshm_image (in /mnt/nfs/homes/ychibani/Documents/42-FDF/fdf)
==30520==    by 0x10B642: mlx_new_image (in /mnt/nfs/homes/ychibani/Documents/42-FDF/fdf)
==30520==    by 0x10A927: init (in /mnt/nfs/homes/ychibani/Documents/42-FDF/fdf)
==30520==    by 0x10A9CF: main (in /mnt/nfs/homes/ychibani/Documents/42-FDF/fdf)
==30520== 
==30520== 104 bytes in 1 blocks are still reachable in loss record 22 of 47
==30520==    at 0x483DD99: calloc (in /usr/lib/x86_64-linux-gnu/valgrind/vgpreload_memcheck-amd64-linux.so)
==30520==    by 0x48B5BB2: _XConnectXCB (in /usr/lib/x86_64-linux-gnu/libX11.so.6.3.0)
==30520==    by 0x48A63A8: XOpenDisplay (in /usr/lib/x86_64-linux-gnu/libX11.so.6.3.0)
==30520==    by 0x10AC87: mlx_init (in /mnt/nfs/homes/ychibani/Documents/42-FDF/fdf)
==30520==    by 0x10A8BC: init (in /mnt/nfs/homes/ychibani/Documents/42-FDF/fdf)
==30520==    by 0x10A9CF: main (in /mnt/nfs/homes/ychibani/Documents/42-FDF/fdf)
==30520== 
==30520== 112 bytes in 1 blocks are still reachable in loss record 23 of 47
==30520==    at 0x483DD99: calloc (in /usr/lib/x86_64-linux-gnu/valgrind/vgpreload_memcheck-amd64-linux.so)
==30520==    by 0x48A69A0: XOpenDisplay (in /usr/lib/x86_64-linux-gnu/libX11.so.6.3.0)
==30520==    by 0x10AC87: mlx_init (in /mnt/nfs/homes/ychibani/Documents/42-FDF/fdf)
==30520==    by 0x10A8BC: init (in /mnt/nfs/homes/ychibani/Documents/42-FDF/fdf)
==30520==    by 0x10A9CF: main (in /mnt/nfs/homes/ychibani/Documents/42-FDF/fdf)
==30520== 
==30520== 128 bytes in 1 blocks are still reachable in loss record 24 of 47
==30520==    at 0x483DD99: calloc (in /usr/lib/x86_64-linux-gnu/valgrind/vgpreload_memcheck-amd64-linux.so)
==30520==    by 0x48A68D0: XOpenDisplay (in /usr/lib/x86_64-linux-gnu/libX11.so.6.3.0)
==30520==    by 0x10AC87: mlx_init (in /mnt/nfs/homes/ychibani/Documents/42-FDF/fdf)
==30520==    by 0x10A8BC: init (in /mnt/nfs/homes/ychibani/Documents/42-FDF/fdf)
==30520==    by 0x10A9CF: main (in /mnt/nfs/homes/ychibani/Documents/42-FDF/fdf)
==30520== 
==30520== 128 bytes in 1 blocks are still reachable in loss record 25 of 47
==30520==    at 0x483DD99: calloc (in /usr/lib/x86_64-linux-gnu/valgrind/vgpreload_memcheck-amd64-linux.so)
==30520==    by 0x48A024E: XInitExtension (in /usr/lib/x86_64-linux-gnu/libX11.so.6.3.0)
==30520==    by 0x490CC43: XkbUseExtension (in /usr/lib/x86_64-linux-gnu/libX11.so.6.3.0)
==30520==    by 0x48A6E19: XOpenDisplay (in /usr/lib/x86_64-linux-gnu/libX11.so.6.3.0)
==30520==    by 0x10AC87: mlx_init (in /mnt/nfs/homes/ychibani/Documents/42-FDF/fdf)
==30520==    by 0x10A8BC: init (in /mnt/nfs/homes/ychibani/Documents/42-FDF/fdf)
==30520==    by 0x10A9CF: main (in /mnt/nfs/homes/ychibani/Documents/42-FDF/fdf)
==30520== 
==30520== 128 bytes in 1 blocks are still reachable in loss record 26 of 47
==30520==    at 0x483DD99: calloc (in /usr/lib/x86_64-linux-gnu/valgrind/vgpreload_memcheck-amd64-linux.so)
==30520==    by 0x48A024E: XInitExtension (in /usr/lib/x86_64-linux-gnu/libX11.so.6.3.0)
==30520==    by 0x48713F0: XextAddDisplay (in /usr/lib/x86_64-linux-gnu/libXext.so.6.4.0)
==30520==    by 0x486C7B2: XShmQueryVersion (in /usr/lib/x86_64-linux-gnu/libXext.so.6.4.0)
==30520==    by 0x10AAC3: mlx_int_deal_shm (in /mnt/nfs/homes/ychibani/Documents/42-FDF/fdf)
==30520==    by 0x10AD41: mlx_init (in /mnt/nfs/homes/ychibani/Documents/42-FDF/fdf)
==30520==    by 0x10A8BC: init (in /mnt/nfs/homes/ychibani/Documents/42-FDF/fdf)
==30520==    by 0x10A9CF: main (in /mnt/nfs/homes/ychibani/Documents/42-FDF/fdf)
==30520== 
==30520== 128 bytes in 1 blocks are still reachable in loss record 27 of 47
==30520==    at 0x483DD99: calloc (in /usr/lib/x86_64-linux-gnu/valgrind/vgpreload_memcheck-amd64-linux.so)
==30520==    by 0x48A024E: XInitExtension (in /usr/lib/x86_64-linux-gnu/libX11.so.6.3.0)
==30520==    by 0x48713F0: XextAddDisplay (in /usr/lib/x86_64-linux-gnu/libXext.so.6.4.0)
==30520==    by 0x4870E5A: ??? (in /usr/lib/x86_64-linux-gnu/libXext.so.6.4.0)
==30520==    by 0x487119B: ??? (in /usr/lib/x86_64-linux-gnu/libXext.so.6.4.0)
==30520==    by 0x48715A2: XextAddDisplay (in /usr/lib/x86_64-linux-gnu/libXext.so.6.4.0)
==30520==    by 0x486C7B2: XShmQueryVersion (in /usr/lib/x86_64-linux-gnu/libXext.so.6.4.0)
==30520==    by 0x10AAC3: mlx_int_deal_shm (in /mnt/nfs/homes/ychibani/Documents/42-FDF/fdf)
==30520==    by 0x10AD41: mlx_init (in /mnt/nfs/homes/ychibani/Documents/42-FDF/fdf)
==30520==    by 0x10A8BC: init (in /mnt/nfs/homes/ychibani/Documents/42-FDF/fdf)
==30520==    by 0x10A9CF: main (in /mnt/nfs/homes/ychibani/Documents/42-FDF/fdf)
==30520== 
==30520== 136 bytes in 1 blocks are still reachable in loss record 28 of 47
==30520==    at 0x483B7F3: malloc (in /usr/lib/x86_64-linux-gnu/valgrind/vgpreload_memcheck-amd64-linux.so)
==30520==    by 0x10AC6F: mlx_init (in /mnt/nfs/homes/ychibani/Documents/42-FDF/fdf)
==30520==    by 0x10A8BC: init (in /mnt/nfs/homes/ychibani/Documents/42-FDF/fdf)
==30520==    by 0x10A9CF: main (in /mnt/nfs/homes/ychibani/Documents/42-FDF/fdf)
==30520== 
==30520== 136 bytes in 1 blocks are still reachable in loss record 29 of 47
==30520==    at 0x483DD99: calloc (in /usr/lib/x86_64-linux-gnu/valgrind/vgpreload_memcheck-amd64-linux.so)
==30520==    by 0x486CBB3: XShmCreateImage (in /usr/lib/x86_64-linux-gnu/libXext.so.6.4.0)
==30520==    by 0x10B346: mlx_int_new_xshm_image (in /mnt/nfs/homes/ychibani/Documents/42-FDF/fdf)
==30520==    by 0x10B642: mlx_new_image (in /mnt/nfs/homes/ychibani/Documents/42-FDF/fdf)
==30520==    by 0x10A927: init (in /mnt/nfs/homes/ychibani/Documents/42-FDF/fdf)
==30520==    by 0x10A9CF: main (in /mnt/nfs/homes/ychibani/Documents/42-FDF/fdf)
==30520== 
==30520== 149 bytes in 1 blocks are still reachable in loss record 30 of 47
==30520==    at 0x483B7F3: malloc (in /usr/lib/x86_64-linux-gnu/valgrind/vgpreload_memcheck-amd64-linux.so)
==30520==    by 0x48A6E81: XOpenDisplay (in /usr/lib/x86_64-linux-gnu/libX11.so.6.3.0)
==30520==    by 0x10AC87: mlx_init (in /mnt/nfs/homes/ychibani/Documents/42-FDF/fdf)
==30520==    by 0x10A8BC: init (in /mnt/nfs/homes/ychibani/Documents/42-FDF/fdf)
==30520==    by 0x10A9CF: main (in /mnt/nfs/homes/ychibani/Documents/42-FDF/fdf)
==30520== 
==30520== 152 bytes in 1 blocks are still reachable in loss record 31 of 47
==30520==    at 0x483DD99: calloc (in /usr/lib/x86_64-linux-gnu/valgrind/vgpreload_memcheck-amd64-linux.so)
==30520==    by 0x490CE3E: XkbUseExtension (in /usr/lib/x86_64-linux-gnu/libX11.so.6.3.0)
==30520==    by 0x48A6E19: XOpenDisplay (in /usr/lib/x86_64-linux-gnu/libX11.so.6.3.0)
==30520==    by 0x10AC87: mlx_init (in /mnt/nfs/homes/ychibani/Documents/42-FDF/fdf)
==30520==    by 0x10A8BC: init (in /mnt/nfs/homes/ychibani/Documents/42-FDF/fdf)
==30520==    by 0x10A9CF: main (in /mnt/nfs/homes/ychibani/Documents/42-FDF/fdf)
==30520== 
==30520== 160 bytes in 1 blocks are still reachable in loss record 32 of 47
==30520==    at 0x483B7F3: malloc (in /usr/lib/x86_64-linux-gnu/valgrind/vgpreload_memcheck-amd64-linux.so)
==30520==    by 0x489482F: XCreateGC (in /usr/lib/x86_64-linux-gnu/libX11.so.6.3.0)
==30520==    by 0x48A6D48: XOpenDisplay (in /usr/lib/x86_64-linux-gnu/libX11.so.6.3.0)
==30520==    by 0x10AC87: mlx_init (in /mnt/nfs/homes/ychibani/Documents/42-FDF/fdf)
==30520==    by 0x10A8BC: init (in /mnt/nfs/homes/ychibani/Documents/42-FDF/fdf)
==30520==    by 0x10A9CF: main (in /mnt/nfs/homes/ychibani/Documents/42-FDF/fdf)
==30520== 
==30520== 160 bytes in 1 blocks are still reachable in loss record 33 of 47
==30520==    at 0x483B7F3: malloc (in /usr/lib/x86_64-linux-gnu/valgrind/vgpreload_memcheck-amd64-linux.so)
==30520==    by 0x489482F: XCreateGC (in /usr/lib/x86_64-linux-gnu/libX11.so.6.3.0)
==30520==    by 0x10AEBE: mlx_new_window (in /mnt/nfs/homes/ychibani/Documents/42-FDF/fdf)
==30520==    by 0x10A8E3: init (in /mnt/nfs/homes/ychibani/Documents/42-FDF/fdf)
==30520==    by 0x10A9CF: main (in /mnt/nfs/homes/ychibani/Documents/42-FDF/fdf)
==30520== 
==30520== 168 bytes in 1 blocks are still reachable in loss record 34 of 47
==30520==    at 0x483DD99: calloc (in /usr/lib/x86_64-linux-gnu/valgrind/vgpreload_memcheck-amd64-linux.so)
==30520==    by 0x48A6C37: XOpenDisplay (in /usr/lib/x86_64-linux-gnu/libX11.so.6.3.0)
==30520==    by 0x10AC87: mlx_init (in /mnt/nfs/homes/ychibani/Documents/42-FDF/fdf)
==30520==    by 0x10A8BC: init (in /mnt/nfs/homes/ychibani/Documents/42-FDF/fdf)
==30520==    by 0x10A9CF: main (in /mnt/nfs/homes/ychibani/Documents/42-FDF/fdf)
==30520== 
==30520== 208 bytes in 1 blocks are still reachable in loss record 35 of 47
==30520==    at 0x483B7F3: malloc (in /usr/lib/x86_64-linux-gnu/valgrind/vgpreload_memcheck-amd64-linux.so)
==30520==    by 0x48710F9: ??? (in /usr/lib/x86_64-linux-gnu/libXext.so.6.4.0)
==30520==    by 0x48711AE: ??? (in /usr/lib/x86_64-linux-gnu/libXext.so.6.4.0)
==30520==    by 0x48715A2: XextAddDisplay (in /usr/lib/x86_64-linux-gnu/libXext.so.6.4.0)
==30520==    by 0x486C7B2: XShmQueryVersion (in /usr/lib/x86_64-linux-gnu/libXext.so.6.4.0)
==30520==    by 0x10AAC3: mlx_int_deal_shm (in /mnt/nfs/homes/ychibani/Documents/42-FDF/fdf)
==30520==    by 0x10AD41: mlx_init (in /mnt/nfs/homes/ychibani/Documents/42-FDF/fdf)
==30520==    by 0x10A8BC: init (in /mnt/nfs/homes/ychibani/Documents/42-FDF/fdf)
==30520==    by 0x10A9CF: main (in /mnt/nfs/homes/ychibani/Documents/42-FDF/fdf)
==30520== 
==30520== 208 bytes in 1 blocks are still reachable in loss record 36 of 47
==30520==    at 0x483B7F3: malloc (in /usr/lib/x86_64-linux-gnu/valgrind/vgpreload_memcheck-amd64-linux.so)
==30520==    by 0x48B953E: _XEnq (in /usr/lib/x86_64-linux-gnu/libX11.so.6.3.0)
==30520==    by 0x48B60B6: ??? (in /usr/lib/x86_64-linux-gnu/libX11.so.6.3.0)
==30520==    by 0x48B6B10: _XReadEvents (in /usr/lib/x86_64-linux-gnu/libX11.so.6.3.0)
==30520==    by 0x48B5039: XWindowEvent (in /usr/lib/x86_64-linux-gnu/libX11.so.6.3.0)
==30520==    by 0x10B1B5: mlx_int_wait_first_expose (in /mnt/nfs/homes/ychibani/Documents/42-FDF/fdf)
==30520==    by 0x10AEFD: mlx_new_window (in /mnt/nfs/homes/ychibani/Documents/42-FDF/fdf)
==30520==    by 0x10A8E3: init (in /mnt/nfs/homes/ychibani/Documents/42-FDF/fdf)
==30520==    by 0x10A9CF: main (in /mnt/nfs/homes/ychibani/Documents/42-FDF/fdf)
==30520== 
==30520== 416 bytes in 2 blocks are still reachable in loss record 37 of 47
==30520==    at 0x483B7F3: malloc (in /usr/lib/x86_64-linux-gnu/valgrind/vgpreload_memcheck-amd64-linux.so)
==30520==    by 0x48B953E: _XEnq (in /usr/lib/x86_64-linux-gnu/libX11.so.6.3.0)
==30520==    by 0x48B60B6: ??? (in /usr/lib/x86_64-linux-gnu/libX11.so.6.3.0)
==30520==    by 0x48B6B10: _XReadEvents (in /usr/lib/x86_64-linux-gnu/libX11.so.6.3.0)
==30520==    by 0x48B5070: XWindowEvent (in /usr/lib/x86_64-linux-gnu/libX11.so.6.3.0)
==30520==    by 0x10B1B5: mlx_int_wait_first_expose (in /mnt/nfs/homes/ychibani/Documents/42-FDF/fdf)
==30520==    by 0x10AEFD: mlx_new_window (in /mnt/nfs/homes/ychibani/Documents/42-FDF/fdf)
==30520==    by 0x10A8E3: init (in /mnt/nfs/homes/ychibani/Documents/42-FDF/fdf)
==30520==    by 0x10A9CF: main (in /mnt/nfs/homes/ychibani/Documents/42-FDF/fdf)
==30520== 
==30520== 512 bytes in 1 blocks are still reachable in loss record 38 of 47
==30520==    at 0x483DD99: calloc (in /usr/lib/x86_64-linux-gnu/valgrind/vgpreload_memcheck-amd64-linux.so)
==30520==    by 0x48A10BA: ??? (in /usr/lib/x86_64-linux-gnu/libX11.so.6.3.0)
==30520==    by 0x48A143E: XInternAtom (in /usr/lib/x86_64-linux-gnu/libX11.so.6.3.0)
==30520==    by 0x10AD1B: mlx_init (in /mnt/nfs/homes/ychibani/Documents/42-FDF/fdf)
==30520==    by 0x10A8BC: init (in /mnt/nfs/homes/ychibani/Documents/42-FDF/fdf)
==30520==    by 0x10A9CF: main (in /mnt/nfs/homes/ychibani/Documents/42-FDF/fdf)
==30520== 
==30520== 832 bytes in 4 blocks are still reachable in loss record 39 of 47
==30520==    at 0x483B7F3: malloc (in /usr/lib/x86_64-linux-gnu/valgrind/vgpreload_memcheck-amd64-linux.so)
==30520==    by 0x48B953E: _XEnq (in /usr/lib/x86_64-linux-gnu/libX11.so.6.3.0)
==30520==    by 0x48B60B6: ??? (in /usr/lib/x86_64-linux-gnu/libX11.so.6.3.0)
==30520==    by 0x48B69E1: _XEventsQueued (in /usr/lib/x86_64-linux-gnu/libX11.so.6.3.0)
==30520==    by 0x4897CCD: XFlush (in /usr/lib/x86_64-linux-gnu/libX11.so.6.3.0)
==30520==    by 0x10B4B7: mlx_int_new_xshm_image (in /mnt/nfs/homes/ychibani/Documents/42-FDF/fdf)
==30520==    by 0x10B642: mlx_new_image (in /mnt/nfs/homes/ychibani/Documents/42-FDF/fdf)
==30520==    by 0x10A927: init (in /mnt/nfs/homes/ychibani/Documents/42-FDF/fdf)
==30520==    by 0x10A9CF: main (in /mnt/nfs/homes/ychibani/Documents/42-FDF/fdf)
==30520== 
==30520== 936 bytes in 1 blocks are still reachable in loss record 40 of 47
==30520==    at 0x483B7F3: malloc (in /usr/lib/x86_64-linux-gnu/valgrind/vgpreload_memcheck-amd64-linux.so)
==30520==    by 0x10AE20: mlx_new_window (in /mnt/nfs/homes/ychibani/Documents/42-FDF/fdf)
==30520==    by 0x10A8E3: init (in /mnt/nfs/homes/ychibani/Documents/42-FDF/fdf)
==30520==    by 0x10A9CF: main (in /mnt/nfs/homes/ychibani/Documents/42-FDF/fdf)
==30520== 
==30520== 1,456 bytes in 7 blocks are still reachable in loss record 41 of 47
==30520==    at 0x483B7F3: malloc (in /usr/lib/x86_64-linux-gnu/valgrind/vgpreload_memcheck-amd64-linux.so)
==30520==    by 0x48B953E: _XEnq (in /usr/lib/x86_64-linux-gnu/libX11.so.6.3.0)
==30520==    by 0x48B60B6: ??? (in /usr/lib/x86_64-linux-gnu/libX11.so.6.3.0)
==30520==    by 0x48B6B59: _XReadEvents (in /usr/lib/x86_64-linux-gnu/libX11.so.6.3.0)
==30520==    by 0x48B5070: XWindowEvent (in /usr/lib/x86_64-linux-gnu/libX11.so.6.3.0)
==30520==    by 0x10B1B5: mlx_int_wait_first_expose (in /mnt/nfs/homes/ychibani/Documents/42-FDF/fdf)
==30520==    by 0x10AEFD: mlx_new_window (in /mnt/nfs/homes/ychibani/Documents/42-FDF/fdf)
==30520==    by 0x10A8E3: init (in /mnt/nfs/homes/ychibani/Documents/42-FDF/fdf)
==30520==    by 0x10A9CF: main (in /mnt/nfs/homes/ychibani/Documents/42-FDF/fdf)
==30520== 
==30520== 2,496 bytes in 12 blocks are still reachable in loss record 42 of 47
==30520==    at 0x483B7F3: malloc (in /usr/lib/x86_64-linux-gnu/valgrind/vgpreload_memcheck-amd64-linux.so)
==30520==    by 0x48B953E: _XEnq (in /usr/lib/x86_64-linux-gnu/libX11.so.6.3.0)
==30520==    by 0x48B60B6: ??? (in /usr/lib/x86_64-linux-gnu/libX11.so.6.3.0)
==30520==    by 0x48B6B59: _XReadEvents (in /usr/lib/x86_64-linux-gnu/libX11.so.6.3.0)
==30520==    by 0x48B5039: XWindowEvent (in /usr/lib/x86_64-linux-gnu/libX11.so.6.3.0)
==30520==    by 0x10B1B5: mlx_int_wait_first_expose (in /mnt/nfs/homes/ychibani/Documents/42-FDF/fdf)
==30520==    by 0x10AEFD: mlx_new_window (in /mnt/nfs/homes/ychibani/Documents/42-FDF/fdf)
==30520==    by 0x10A8E3: init (in /mnt/nfs/homes/ychibani/Documents/42-FDF/fdf)
==30520==    by 0x10A9CF: main (in /mnt/nfs/homes/ychibani/Documents/42-FDF/fdf)
==30520== 
==30520== 4,688 bytes in 1 blocks are still reachable in loss record 43 of 47
==30520==    at 0x483DD99: calloc (in /usr/lib/x86_64-linux-gnu/valgrind/vgpreload_memcheck-amd64-linux.so)
==30520==    by 0x48A6371: XOpenDisplay (in /usr/lib/x86_64-linux-gnu/libX11.so.6.3.0)
==30520==    by 0x10AC87: mlx_init (in /mnt/nfs/homes/ychibani/Documents/42-FDF/fdf)
==30520==    by 0x10A8BC: init (in /mnt/nfs/homes/ychibani/Documents/42-FDF/fdf)
==30520==    by 0x10A9CF: main (in /mnt/nfs/homes/ychibani/Documents/42-FDF/fdf)
==30520== 
==30520== 12,308 bytes in 1 blocks are still reachable in loss record 44 of 47
==30520==    at 0x483DFAF: realloc (in /usr/lib/x86_64-linux-gnu/valgrind/vgpreload_memcheck-amd64-linux.so)
==30520==    by 0x4BB2A62: xcb_connect_to_fd (in /usr/lib/x86_64-linux-gnu/libxcb.so.1.1.0)
==30520==    by 0x4BB6B72: xcb_connect_to_display_with_auth_info (in /usr/lib/x86_64-linux-gnu/libxcb.so.1.1.0)
==30520==    by 0x48B5D29: _XConnectXCB (in /usr/lib/x86_64-linux-gnu/libX11.so.6.3.0)
==30520==    by 0x48A63A8: XOpenDisplay (in /usr/lib/x86_64-linux-gnu/libX11.so.6.3.0)
==30520==    by 0x10AC87: mlx_init (in /mnt/nfs/homes/ychibani/Documents/42-FDF/fdf)
==30520==    by 0x10A8BC: init (in /mnt/nfs/homes/ychibani/Documents/42-FDF/fdf)
==30520==    by 0x10A9CF: main (in /mnt/nfs/homes/ychibani/Documents/42-FDF/fdf)
==30520== 
==30520== 16,384 bytes in 1 blocks are still reachable in loss record 45 of 47
==30520==    at 0x483DD99: calloc (in /usr/lib/x86_64-linux-gnu/valgrind/vgpreload_memcheck-amd64-linux.so)
==30520==    by 0x48A66BF: XOpenDisplay (in /usr/lib/x86_64-linux-gnu/libX11.so.6.3.0)
==30520==    by 0x10AC87: mlx_init (in /mnt/nfs/homes/ychibani/Documents/42-FDF/fdf)
==30520==    by 0x10A8BC: init (in /mnt/nfs/homes/ychibani/Documents/42-FDF/fdf)
==30520==    by 0x10A9CF: main (in /mnt/nfs/homes/ychibani/Documents/42-FDF/fdf)
==30520== 
==30520== 21,168 bytes in 1 blocks are still reachable in loss record 46 of 47
==30520==    at 0x483DD99: calloc (in /usr/lib/x86_64-linux-gnu/valgrind/vgpreload_memcheck-amd64-linux.so)
==30520==    by 0x4BB2884: xcb_connect_to_fd (in /usr/lib/x86_64-linux-gnu/libxcb.so.1.1.0)
==30520==    by 0x4BB6B72: xcb_connect_to_display_with_auth_info (in /usr/lib/x86_64-linux-gnu/libxcb.so.1.1.0)
==30520==    by 0x48B5D29: _XConnectXCB (in /usr/lib/x86_64-linux-gnu/libX11.so.6.3.0)
==30520==    by 0x48A63A8: XOpenDisplay (in /usr/lib/x86_64-linux-gnu/libX11.so.6.3.0)
==30520==    by 0x10AC87: mlx_init (in /mnt/nfs/homes/ychibani/Documents/42-FDF/fdf)
==30520==    by 0x10A8BC: init (in /mnt/nfs/homes/ychibani/Documents/42-FDF/fdf)
==30520==    by 0x10A9CF: main (in /mnt/nfs/homes/ychibani/Documents/42-FDF/fdf)
==30520== 
==30520== 28,224 bytes in 2 blocks are still reachable in loss record 47 of 47
==30520==    at 0x483DD99: calloc (in /usr/lib/x86_64-linux-gnu/valgrind/vgpreload_memcheck-amd64-linux.so)
==30520==    by 0x48A6A24: XOpenDisplay (in /usr/lib/x86_64-linux-gnu/libX11.so.6.3.0)
==30520==    by 0x10AC87: mlx_init (in /mnt/nfs/homes/ychibani/Documents/42-FDF/fdf)
==30520==    by 0x10A8BC: init (in /mnt/nfs/homes/ychibani/Documents/42-FDF/fdf)
==30520==    by 0x10A9CF: main (in /mnt/nfs/homes/ychibani/Documents/42-FDF/fdf)
==30520== 
==30520== LEAK SUMMARY:
==30520==    definitely lost: 0 bytes in 0 blocks
==30520==    indirectly lost: 0 bytes in 0 blocks
==30520==      possibly lost: 0 bytes in 0 blocks
==30520==    still reachable: 92,297 bytes in 69 blocks
==30520==         suppressed: 0 bytes in 0 blocks
==30520== 
==30520== For lists of detected and suppressed errors, rerun with: -s
==30520== ERROR SUMMARY: 0 errors from 0 contexts (suppressed: 1 from 1)
